<?xml version="1.0" encoding="utf-8"?><testsuites><testsuite name="pytest" errors="0" failures="0" skipped="0" tests="86" time="320.660" timestamp="2025-01-20T12:43:19.998792-06:00" hostname="nature"><testcase classname="tests.benchmarks.test_benchmark" name="test_cachegen_decoder_bench[64-vllm]" time="6.067" /><testcase classname="tests.benchmarks.test_benchmark" name="test_cachegen_decoder_bench[64-huggingface]" time="0.882" /><testcase classname="tests.benchmarks.test_benchmark" name="test_cachegen_decoder_bench[256-vllm]" time="0.938" /><testcase classname="tests.benchmarks.test_benchmark" name="test_cachegen_decoder_bench[256-huggingface]" time="0.766" /><testcase classname="tests.benchmarks.test_benchmark" name="test_cachegen_decoder_bench[768-vllm]" time="1.129" /><testcase classname="tests.benchmarks.test_benchmark" name="test_cachegen_decoder_bench[768-huggingface]" time="0.805" /><testcase classname="tests.experimental.test_cache_engine" name="test_same_retrieve_store" time="4.567" /><testcase classname="tests.experimental.test_cache_engine" name="test_paged_retrieve_prefix[cpu-128-vllm]" time="1.045" /><testcase classname="tests.experimental.test_cache_engine" name="test_paged_retrieve_prefix[cpu-256-vllm]" time="0.064" /><testcase classname="tests.experimental.test_cache_engine" name="test_paged_retrieve_prefix[local_disk-128-vllm]" time="0.268" /><testcase classname="tests.experimental.test_cache_engine" name="test_paged_retrieve_prefix[local_disk-256-vllm]" time="0.332" /><testcase classname="tests.experimental.test_cache_engine" name="test_paged_store_offset[cpu-256-vllm]" time="0.178" /><testcase classname="tests.experimental.test_cache_engine" name="test_paged_store_offset[local_disk-256-vllm]" time="0.391" /><testcase classname="tests.experimental.test_cache_engine" name="test_mixed_retrieve[local_disk-128-vllm]" time="0.669" /><testcase classname="tests.experimental.test_cache_engine" name="test_store_kv_tensors_mask[vllm]" time="0.150" /><testcase classname="tests.experimental.test_cache_engine" name="test_hierarchy_retrieve[local_cpu-local_cpu_disk-128-vllm]" time="0.182" /><testcase classname="tests.experimental.test_cache_engine" name="test_hierarchy_retrieve[local_disk-local_cpu_disk-128-vllm]" time="0.281" /><testcase classname="tests.experimental.test_cache_engine" name="test_prefetch_retrieve[local_disk-local_cpu_disk]" time="0.333" /><testcase classname="tests.experimental.test_cache_engine" name="test_builder" time="0.003" /><testcase classname="tests.experimental.test_gpu_connector" name="test_vllm_nested_gpu_connector" time="0.686" /><testcase classname="tests.experimental.test_mem_kernels" name="test_extract_and_load_back[256]" time="0.321" /><testcase classname="tests.experimental.test_mem_kernels" name="test_extract_and_load_back[500]" time="0.509" /><testcase classname="tests.experimental.test_mem_kernels" name="test_extract_and_load_back[1024]" time="0.078" /><testcase classname="tests.experimental.test_mem_kernels" name="test_extract_and_load_back[8000]" time="0.894" /><testcase classname="tests.experimental.test_memory_management" name="test_tensor_allocator" time="0.011" /><testcase classname="tests.experimental.test_memory_management" name="test_device_allocators[HostMemoryAllocator]" time="0.004" /><testcase classname="tests.experimental.test_memory_management" name="test_device_allocators[PinMemoryAllocator]" time="0.004" /><testcase classname="tests.experimental.test_memory_management" name="test_device_allocators[GPUMemoryAllocator]" time="0.003" /><testcase classname="tests.experimental.test_memory_management" name="test_inplace_modification[HostMemoryAllocator]" time="0.001" /><testcase classname="tests.experimental.test_memory_management" name="test_inplace_modification[PinMemoryAllocator]" time="0.001" /><testcase classname="tests.experimental.test_memory_management" name="test_inplace_modification[GPUMemoryAllocator]" time="0.001" /><testcase classname="tests.experimental.test_memory_management" name="test_boundary_alloc[HostMemoryAllocator]" time="0.001" /><testcase classname="tests.experimental.test_memory_management" name="test_boundary_alloc[PinMemoryAllocator]" time="0.001" /><testcase classname="tests.experimental.test_memory_management" name="test_boundary_alloc[GPUMemoryAllocator]" time="0.001" /><testcase classname="tests.experimental.test_token_database" name="test_chunked_token_database[16]" time="0.420" /><testcase classname="tests.experimental.test_token_database" name="test_chunked_token_database[64]" time="0.031" /><testcase classname="tests.experimental.test_token_database" name="test_chunked_token_database[256]" time="0.003" /><testcase classname="tests.test_backends" name="test_creation[cpu]" time="5.212" /><testcase classname="tests.test_backends" name="test_creation_from_file[cpu]" time="182.769" /><testcase classname="tests.test_backends" name="test_backends[cpu-cuda-local]" time="0.236" /><testcase classname="tests.test_backends" name="test_backends[cpu-cuda-remote]" time="0.355" /><testcase classname="tests.test_backends" name="test_backends[cpu-cuda-hybrid]" time="0.305" /><testcase classname="tests.test_backends" name="test_backends[cpu-cuda-hybrid_pipelined]" time="0.310" /><testcase classname="tests.test_backends" name="test_backends[cpu-cpu-local]" time="0.229" /><testcase classname="tests.test_backends" name="test_backends[cpu-cpu-remote]" time="0.296" /><testcase classname="tests.test_backends" name="test_backends[cpu-cpu-hybrid]" time="0.316" /><testcase classname="tests.test_backends" name="test_backends[cpu-cpu-hybrid_pipelined]" time="0.287" /><testcase classname="tests.test_backends" name="test_nonblocking_put[cpu-local]" time="7.027" /><testcase classname="tests.test_backends" name="test_nonblocking_put[cpu-remote]" time="7.082" /><testcase classname="tests.test_backends" name="test_nonblocking_put[cpu-hybrid]" time="7.034" /><testcase classname="tests.test_backends" name="test_restart[cpu]" time="0.275" /><testcase classname="tests.test_backends" name="test_creation[remote_disk/]" time="5.082" /><testcase classname="tests.test_backends" name="test_backends[remote_disk/-cuda-local]" time="0.237" /><testcase classname="tests.test_backends" name="test_backends[remote_disk/-cuda-remote]" time="0.559" /><testcase classname="tests.test_backends" name="test_backends[remote_disk/-cuda-hybrid]" time="0.297" /><testcase classname="tests.test_backends" name="test_backends[remote_disk/-cuda-hybrid_pipelined]" time="0.278" /><testcase classname="tests.test_backends" name="test_backends[remote_disk/-cpu-local]" time="0.225" /><testcase classname="tests.test_backends" name="test_backends[remote_disk/-cpu-remote]" time="0.318" /><testcase classname="tests.test_backends" name="test_backends[remote_disk/-cpu-hybrid]" time="0.319" /><testcase classname="tests.test_backends" name="test_backends[remote_disk/-cpu-hybrid_pipelined]" time="0.258" /><testcase classname="tests.test_backends" name="test_nonblocking_put[remote_disk/-local]" time="7.022" /><testcase classname="tests.test_backends" name="test_nonblocking_put[remote_disk/-remote]" time="7.079" /><testcase classname="tests.test_backends" name="test_nonblocking_put[remote_disk/-hybrid]" time="7.031" /><testcase classname="tests.test_backends" name="test_restart[remote_disk/]" time="0.420" /><testcase classname="tests.test_blend" name="test_spt_full_hit[vllm]" time="2.264" /><testcase classname="tests.test_blend" name="test_spt_hit_miss[vllm]" time="1.934" /><testcase classname="tests.test_blend" name="test_spt_all_miss[vllm]" time="1.816" /><testcase classname="tests.test_blend" name="test_spt_partial_hit[vllm]" time="2.147" /><testcase classname="tests.test_blend" name="test_spt_multi_query[vllm]" time="2.466" /><testcase classname="tests.test_blend" name="test_cacheblend_executor_single_query" time="0.229" /><testcase classname="tests.test_cache_engine" name="test_retrieve_device[cuda-cuda:0-cuda:0]" time="1.925" /><testcase classname="tests.test_cache_engine" name="test_retrieve_device[cuda-cuda:0-cuda]" time="1.814" /><testcase classname="tests.test_cache_engine" name="test_retrieve_device[cuda-cuda:0-cpu]" time="2.134" /><testcase classname="tests.test_cache_engine" name="test_retrieve_device[cpu-cuda:0-cuda:0]" time="1.909" /><testcase classname="tests.test_cache_engine" name="test_retrieve_device[cpu-cuda:0-cuda]" time="1.985" /><testcase classname="tests.test_cache_engine" name="test_retrieve_device[cpu-cuda:0-cpu]" time="2.246" /><testcase classname="tests.test_cache_engine" name="test_retrieve_device[file://local_disk/-cuda:0-cuda:0]" time="2.155" /><testcase classname="tests.test_cache_engine" name="test_retrieve_device[file://local_disk/-cuda:0-cuda]" time="1.976" /><testcase classname="tests.test_cache_engine" name="test_retrieve_device[file://local_disk/-cuda:0-cpu]" time="2.349" /><testcase classname="tests.test_cache_engine" name="test_same_retrieve_store[cpu-torch-cuda-vllm]" time="6.813" /><testcase classname="tests.test_cache_engine" name="test_same_retrieve_store[cpu-torch-cpu-vllm]" time="3.359" /><testcase classname="tests.test_cache_engine" name="test_same_retrieve_store[cpu-torch-file://local_disk/-vllm]" time="2.620" /><testcase classname="tests.test_cache_engine" name="test_same_retrieve_store[cpu-torch-redis://localhost:6379-vllm]" time="2.607" /><testcase classname="tests.test_cache_engine" name="test_same_retrieve_store[cpu-torch-lm://localhost:65000-vllm]" time="3.796" /><testcase classname="tests.test_cache_engine" name="test_same_retrieve_store[cpu-safetensor-cuda-vllm]" time="1.838" /><testcase classname="tests.test_cache_engine" name="test_same_retrieve_store[cpu-safetensor-cpu-vllm]" time="3.320" /><testcase time="0.001" /></testsuite></testsuites>